Number of Threads:24
4.748966193184188
4.736601312845396
4.81373626366758
4.646988587253681
4.7737454846518315
4.957699296228688
4.646988587253681
4.599353441780806
4.579607880738585
4.816430642962888
4.56312966844785
4.813191763303335
4.718651272298634
4.81373626366758
4.629902718054603
4.816430642962888
4.629902718054603
4.629902718054603
5.11223700611911
4.8046821801139385
4.748966193184188
5.0310511700198575
4.8612699756797415
4.863764292585888
5.011023264929687
4.78611595234004
5.0785127150379505
4.560150247933752
4.686511290420349
4.8535259816740375
4.507765510000823
4.874416714434977
4.603562169540984
4.747482062807202
4.738355606716822
5.124085920308655
4.796308228431183
4.594467519888838
4.782899986059417
4.767449410460957
4.801618098466789
4.584677831150815
4.710982041298618
4.8360821080842396
4.919861189968337
4.67569640702992
4.7497749097428565
4.809793676134577
4.822083585623206
4.787787323603961
4.564248946281522
4.872844865277587
4.767698232499026
5.050601126822751
4.715888433077859
4.618871129493136
4.910675174702424
4.837620033336131
4.959366270767799
4.738254824254035
4.640858950305113
4.653272661464619
4.778538384928332
4.891128330517295
5.0059176208825225
4.90419524204221
4.5547517704725715
4.968027923494949
4.928477095218873
4.729427967302728
4.780726726906988
4.620847560712045
4.602643913715289
4.555300883904971
4.729460690702127
4.689896677980323
4.631471145105721
4.9650726763867254
4.597904316537235
4.61440241724274
4.774257911587881
4.522719559793273
4.743169314658781
4.947450469063327
4.701668844277877
4.72107078430183
4.816275617757267
4.682191169940362
4.6013548269584295
4.792727394395286
4.76997176833755
4.715914429724618
4.734739495387576
5.067112876028015
4.567650752806472
4.913535581314785
4.9230342454208404
4.664946801379382
4.675804448403472
4.7260086570213655
