Starting job 5009730 on c14-7 on fram at Tue Feb 28 10:49:42 CET 2023

srun: error: c14-7: task 5: Killed
srun: launch/slurm: _step_signal: Terminating StepId=5009730.0
srun: error: c14-7: tasks 0-4,8-10,12-14: Exited with exit code 143
srun: error: c14-7: task 6: Exited with exit code 143
srun: error: c14-7: task 7: Segmentation fault (core dumped)
srun: error: c14-7: task 11: Segmentation fault (core dumped)
srun: error: c14-7: task 15: Killed
srun: Force Terminated StepId=5009730.0

Job 5009730 consumed 2.9 billing hours from project nn8008k.

Submitted 2023-02-28T10:49:29; waited 13.0 seconds in the queue after becoming eligible to run.

Requested wallclock time: 1.8 days
Elapsed wallclock time:   5.4 minutes

Task and CPU statistics:
ID             CPUs  Tasks  CPU util                Start  Elapsed  Exit status
5009730          32            0.0 %  2023-02-28T10:49:42  326.0 s  0
5009730.batch    32      1     0.0 %  2023-02-28T10:49:42  326.0 s  0
5009730.julia    32     16   151.2 %  2023-02-28T10:49:43  325.0 s  Signal 9

Used CPU time:   4.4 CPU hours
Unused CPU time: 0.0 CPU seconds

Memory statistics, in GiB:
ID              Alloc   Usage
5009730          59.0        
5009730.batch    59.0     0.0
5009730.julia    59.0    62.2

Job 5009730 completed at Tue Feb 28 10:55:10 CET 2023
